2025-09-08 18:17:37,801 | aci.level2.info | INFO | Memory load: episodic_memory
2025-09-08 18:17:37,826 | aci.level2.info | INFO | Memory load: autobiographical_narrative
2025-09-08 18:19:45,556 | aci.level2.info | INFO | Memory save: autobiographical_narrative
2025-09-08 18:19:47,748 | aci.level2.info | INFO | Memory save: autobiographical_narrative
2025-09-08 18:19:50,179 | aci.level2.info | INFO | Memory save: autobiographical_narrative
2025-09-08 18:19:52,851 | aci.level2.info | INFO | Memory save: autobiographical_narrative
2025-09-08 18:20:07,406 | aci.level2.info | INFO | Memory load: memory_graph
2025-09-08 18:20:08,049 | aci.level2.info | INFO | Simulation step started
2025-09-08 18:20:08,077 | aci.level2.info | INFO | Starting DMN step
2025-09-08 18:20:19,999 | aci.level2.info | INFO | Memory create: floating_memory
2025-09-08 18:20:22,088 | aci.level2.info | INFO | Periodic knowledge extraction completed
2025-09-08 18:20:22,124 | aci.level2.info | INFO | Performance: dmn_step_duration = 14.047248601913452 seconds
2025-09-08 18:20:22,135 | aci.level2.info | INFO | Step completed
2025-09-08 18:20:22,640 | aci.level2.info | INFO | Simulation step started
2025-09-08 18:20:31,925 | aci.level2.info | INFO | Starting DMN step
2025-09-08 18:20:44,093 | aci.level2.info | INFO | Memory persist: floating_memory
2025-09-08 18:20:44,635 | aci.level2.info | INFO | Memory create: floating_memory
2025-09-08 18:20:44,670 | aci.level2.info | INFO | Performance: dmn_step_duration = 12.744482517242432 seconds
2025-09-08 18:20:44,680 | aci.level2.info | INFO | Step completed
2025-09-08 18:20:45,186 | aci.level2.info | INFO | Simulation step started
2025-09-08 18:20:54,436 | aci.level2.info | INFO | Starting DMN step
2025-09-08 18:21:10,653 | aci.level2.info | INFO | Memory persist: floating_memory
2025-09-08 18:21:11,081 | aci.level2.info | INFO | Memory create: floating_memory
2025-09-08 18:21:11,103 | aci.level2.info | INFO | Performance: dmn_step_duration = 16.667726278305054 seconds
2025-09-08 18:21:11,109 | aci.level2.info | INFO | Step completed
2025-09-08 18:21:11,613 | aci.level2.info | INFO | Simulation step started
2025-09-08 18:21:20,300 | aci.level2.info | INFO | Starting DMN step
2025-09-08 18:22:04,194 | aci.level2.info | INFO | Memory persist: floating_memory
2025-09-08 18:22:04,609 | aci.level2.info | INFO | Memory create: floating_memory
2025-09-08 18:22:04,635 | aci.level2.info | INFO | Performance: dmn_step_duration = 44.33515906333923 seconds
2025-09-08 18:22:04,643 | aci.level2.info | INFO | Step completed
2025-09-08 18:22:05,148 | aci.level2.info | INFO | Simulation step started
2025-09-08 18:22:14,647 | aci.level2.info | INFO | Starting DMN step
2025-09-08 18:22:59,950 | aci.level2.info | INFO | Memory persist: floating_memory
2025-09-08 18:23:00,433 | aci.level2.info | INFO | Memory create: floating_memory
2025-09-08 18:23:00,456 | aci.level2.info | INFO | Performance: dmn_step_duration = 45.80862545967102 seconds
2025-09-08 18:23:00,462 | aci.level2.info | INFO | Step completed
2025-09-08 18:23:00,965 | aci.level2.info | INFO | Simulation step started
2025-09-08 18:23:10,229 | aci.level2.info | INFO | Starting DMN step
2025-09-08 18:23:58,230 | aci.level2.info | INFO | Performance: dmn_step_duration = 48.00102186203003 seconds
2025-09-08 18:23:58,240 | aci.level2.info | INFO | Step completed
2025-09-08 18:23:58,744 | aci.level2.info | INFO | Simulation step started
2025-09-08 18:23:58,756 | aci.level2.info | INFO | Starting DMN step
2025-09-08 18:24:46,319 | aci.level2.info | INFO | Performance: dmn_step_duration = 47.562713384628296 seconds
2025-09-08 18:24:46,326 | aci.level2.info | INFO | Step completed
2025-09-08 18:24:46,832 | aci.level2.info | INFO | Simulation step started
2025-09-08 18:24:46,850 | aci.level2.info | INFO | Starting DMN step
2025-09-08 18:25:33,786 | aci.level2.info | INFO | Performance: dmn_step_duration = 46.93648719787598 seconds
2025-09-08 18:25:33,796 | aci.level2.info | INFO | Step completed
2025-09-08 18:25:34,301 | aci.level2.info | INFO | Simulation step started
2025-09-08 18:25:34,309 | aci.level2.info | INFO | Starting DMN step
2025-09-08 18:26:24,502 | aci.level2.info | INFO | Performance: dmn_step_duration = 50.19288992881775 seconds
2025-09-08 18:26:24,532 | aci.level2.info | INFO | Step completed
2025-09-08 18:26:25,037 | aci.level2.info | INFO | Simulation step started
2025-09-08 18:26:25,046 | aci.level2.info | INFO | Starting DMN step
2025-09-08 18:27:12,764 | aci.level2.info | INFO | Memory persist: floating_memory
2025-09-08 18:27:13,759 | aci.level2.info | INFO | Memory create: floating_memory
2025-09-08 18:27:13,816 | aci.level2.info | INFO | Performance: dmn_step_duration = 48.77018904685974 seconds
2025-09-08 18:27:13,835 | aci.level2.info | INFO | Step completed
2025-09-08 18:27:14,345 | aci.level2.info | INFO | Simulation step started
2025-09-08 18:27:14,360 | aci.level2.info | INFO | Starting DMN step
2025-09-08 18:27:30,243 | aci.level2.info | INFO | Memory persist: floating_memory
2025-09-08 18:27:30,913 | aci.level2.info | INFO | Memory create: floating_memory
2025-09-08 18:27:33,057 | aci.level2.info | INFO | Periodic knowledge extraction completed
2025-09-08 18:27:33,084 | aci.level2.info | INFO | Performance: dmn_step_duration = 18.723166465759277 seconds
2025-09-08 18:27:33,094 | aci.level2.info | INFO | Step completed
2025-09-08 18:27:33,599 | aci.level2.info | INFO | Simulation step started
2025-09-08 18:27:33,606 | aci.level2.info | INFO | Starting DMN step
2025-09-08 18:28:21,046 | aci.level2.info | INFO | Memory persist: floating_memory
2025-09-08 18:28:21,827 | aci.level2.info | INFO | Memory create: floating_memory
2025-09-08 18:28:21,878 | aci.level2.info | INFO | Performance: dmn_step_duration = 48.27140426635742 seconds
2025-09-08 18:28:21,894 | aci.level2.info | INFO | Step completed
2025-09-08 18:28:22,400 | aci.level2.info | INFO | Simulation step started
2025-09-08 18:28:22,520 | aci.level2.info | INFO | Starting DMN step
2025-09-08 18:29:06,889 | aci.level2.info | INFO | Performance: dmn_step_duration = 44.36925387382507 seconds
2025-09-08 18:29:06,896 | aci.level2.info | INFO | Step completed
2025-09-08 18:29:07,402 | aci.level2.info | INFO | Simulation step started
2025-09-08 18:29:07,412 | aci.level2.info | INFO | Starting DMN step
2025-09-08 18:29:20,700 | aci.level2.info | INFO | Memory persist: floating_memory
2025-09-08 18:29:21,297 | aci.level2.info | INFO | Memory create: floating_memory
2025-09-08 18:29:21,342 | aci.level2.info | INFO | Performance: dmn_step_duration = 13.929913520812988 seconds
2025-09-08 18:29:21,355 | aci.level2.info | INFO | Step completed
2025-09-08 18:29:21,861 | aci.level2.info | INFO | Simulation step started
2025-09-08 18:29:21,872 | aci.level2.info | INFO | Starting DMN step
2025-09-08 18:30:09,335 | aci.level2.info | INFO | Memory persist: floating_memory
2025-09-08 18:30:09,834 | aci.level2.info | INFO | Memory create: floating_memory
2025-09-08 18:30:09,866 | aci.level2.info | INFO | Performance: dmn_step_duration = 47.99340534210205 seconds
2025-09-08 18:30:09,871 | aci.level2.info | INFO | Step completed
2025-09-08 18:30:10,376 | aci.level2.info | INFO | Simulation step started
2025-09-08 18:30:10,391 | aci.level2.info | INFO | Starting DMN step
2025-09-08 18:30:19,857 | aci.level2.info | INFO | Memory persist: floating_memory
2025-09-08 18:30:20,466 | aci.level2.info | INFO | Memory create: floating_memory
2025-09-08 18:30:20,516 | aci.level2.info | INFO | Performance: dmn_step_duration = 10.125349760055542 seconds
2025-09-08 18:30:20,522 | aci.level2.info | INFO | Step completed
2025-09-08 18:30:21,027 | aci.level2.info | INFO | Simulation step started
2025-09-08 18:30:29,864 | aci.level2.info | INFO | Starting DMN step
