2025-09-08 09:07:40,043 | aci.level3.debug | DEBUG | NT_LEVELS: dopamine=0.60, serotonin=0.70, norepinephrine=0.50, oxytocin=0.40, testosterone=0.50, histamine=0.30, acetylcholine=0.60, glutamate=0.70, gaba=0.60
2025-09-08 09:09:10,199 | aci.level3.debug | DEBUG | NT_LEVELS: dopamine=0.00, serotonin=0.00, norepinephrine=0.00, oxytocin=1.94, testosterone=1.67, histamine=0.28, acetylcholine=0.54, glutamate=0.62, gaba=0.54
2025-09-08 09:09:11,346 | aci.level3.info | INFO | Layer 1 GC completed
2025-09-08 09:13:21,270 | aci.level3.debug | DEBUG | BUNDLE [step_complete]
2025-09-08 09:13:25,895 | aci.level3.debug | DEBUG | NT_LEVELS: dopamine=0.00, serotonin=0.00, norepinephrine=0.00, oxytocin=1.94, testosterone=1.67, histamine=0.28, acetylcholine=0.54, glutamate=0.62, gaba=0.54
2025-09-08 09:13:47,345 | aci.level3.debug | DEBUG | Replaced floating thought
2025-09-08 09:13:59,324 | aci.level3.debug | DEBUG | NT_LEVELS: dopamine=0.00, serotonin=0.00, norepinephrine=0.00, oxytocin=3.27, testosterone=2.58, histamine=0.25, acetylcholine=0.49, glutamate=0.54, gaba=0.49
2025-09-08 09:13:59,336 | aci.level3.debug | DEBUG | BUNDLE [step_complete]
2025-09-08 09:14:04,364 | aci.level3.debug | DEBUG | NT_LEVELS: dopamine=0.00, serotonin=0.00, norepinephrine=0.00, oxytocin=3.27, testosterone=2.58, histamine=0.25, acetylcholine=0.49, glutamate=0.54, gaba=0.49
2025-09-08 09:14:29,002 | aci.level3.debug | DEBUG | Replaced floating thought
2025-09-08 09:14:40,834 | aci.level3.debug | DEBUG | NT_LEVELS: dopamine=0.00, serotonin=0.00, norepinephrine=0.00, oxytocin=4.50, testosterone=3.28, histamine=0.23, acetylcholine=0.44, glutamate=0.48, gaba=0.44
2025-09-08 09:14:40,847 | aci.level3.debug | DEBUG | BUNDLE [step_complete]
2025-09-08 09:14:46,983 | aci.level3.debug | DEBUG | NT_LEVELS: dopamine=0.00, serotonin=0.00, norepinephrine=0.00, oxytocin=4.50, testosterone=3.28, histamine=0.23, acetylcholine=0.44, glutamate=0.48, gaba=0.44
2025-09-08 09:15:38,419 | aci.level3.debug | DEBUG | Merged floating thought
2025-09-08 09:15:38,427 | aci.level3.debug | DEBUG | Updated floating memory node
2025-09-08 09:15:38,442 | aci.level3.debug | DEBUG | NT_LEVELS: dopamine=0.00, serotonin=0.00, norepinephrine=0.00, oxytocin=5.70, testosterone=3.82, histamine=0.22, acetylcholine=0.40, glutamate=0.42, gaba=0.40
2025-09-08 09:15:38,448 | aci.level3.info | INFO | Layer 1 GC completed
2025-09-08 09:15:38,506 | aci.level3.debug | DEBUG | BUNDLE [step_complete]
2025-09-08 09:15:43,274 | aci.level3.debug | DEBUG | NT_LEVELS: dopamine=0.00, serotonin=0.00, norepinephrine=0.00, oxytocin=5.70, testosterone=3.82, histamine=0.22, acetylcholine=0.40, glutamate=0.42, gaba=0.40
2025-09-08 09:16:33,283 | aci.level3.debug | DEBUG | Merged floating thought
2025-09-08 09:16:33,291 | aci.level3.debug | DEBUG | Updated floating memory node
2025-09-08 09:16:33,308 | aci.level3.debug | DEBUG | NT_LEVELS: dopamine=0.00, serotonin=0.00, norepinephrine=0.00, oxytocin=6.89, testosterone=4.23, histamine=0.20, acetylcholine=0.36, glutamate=0.37, gaba=0.36
2025-09-08 09:16:33,322 | aci.level3.debug | DEBUG | BUNDLE [step_complete]
2025-09-08 09:16:37,501 | aci.level3.debug | DEBUG | NT_LEVELS: dopamine=0.00, serotonin=0.00, norepinephrine=0.00, oxytocin=6.89, testosterone=4.23, histamine=0.20, acetylcholine=0.36, glutamate=0.37, gaba=0.36
2025-09-08 09:17:30,037 | aci.level3.debug | DEBUG | Merged floating thought
2025-09-08 09:17:30,044 | aci.level3.debug | DEBUG | Updated floating memory node
2025-09-08 09:17:30,058 | aci.level3.debug | DEBUG | NT_LEVELS: dopamine=0.00, serotonin=0.00, norepinephrine=0.00, oxytocin=8.06, testosterone=4.53, histamine=0.18, acetylcholine=0.32, glutamate=0.33, gaba=0.32
2025-09-08 09:17:30,069 | aci.level3.debug | DEBUG | BUNDLE [step_complete]
2025-09-08 09:17:30,640 | aci.level3.debug | DEBUG | NT_LEVELS: dopamine=0.00, serotonin=0.00, norepinephrine=0.00, oxytocin=8.06, testosterone=4.53, histamine=0.18, acetylcholine=0.32, glutamate=0.33, gaba=0.32
2025-09-08 09:18:17,508 | aci.level3.debug | DEBUG | Merged floating thought
2025-09-08 09:18:17,516 | aci.level3.debug | DEBUG | Updated floating memory node
2025-09-08 09:18:17,528 | aci.level3.debug | DEBUG | NT_LEVELS: dopamine=0.00, serotonin=0.00, norepinephrine=0.00, oxytocin=9.20, testosterone=4.75, histamine=0.17, acetylcholine=0.29, glutamate=0.29, gaba=0.29
2025-09-08 09:18:17,535 | aci.level3.info | INFO | Layer 1 GC completed
2025-09-08 09:18:17,567 | aci.level3.debug | DEBUG | BUNDLE [step_complete]
2025-09-08 09:18:18,140 | aci.level3.debug | DEBUG | NT_LEVELS: dopamine=0.00, serotonin=0.00, norepinephrine=0.00, oxytocin=9.20, testosterone=4.75, histamine=0.17, acetylcholine=0.29, glutamate=0.29, gaba=0.29
2025-09-08 09:19:05,397 | aci.level3.debug | DEBUG | Merged floating thought
2025-09-08 09:19:05,403 | aci.level3.debug | DEBUG | Updated floating memory node
2025-09-08 09:19:05,418 | aci.level3.debug | DEBUG | NT_LEVELS: dopamine=0.00, serotonin=0.00, norepinephrine=0.00, oxytocin=10.29, testosterone=4.91, histamine=0.16, acetylcholine=0.26, glutamate=0.26, gaba=0.26
2025-09-08 09:19:05,430 | aci.level3.debug | DEBUG | BUNDLE [step_complete]
2025-09-08 09:19:05,990 | aci.level3.debug | DEBUG | NT_LEVELS: dopamine=0.00, serotonin=0.00, norepinephrine=0.00, oxytocin=10.29, testosterone=4.91, histamine=0.16, acetylcholine=0.26, glutamate=0.26, gaba=0.26
