2025-09-08 07:53:51,932 | aci.level3.debug | DEBUG | NT_LEVELS: dopamine=0.60, serotonin=0.70, norepinephrine=0.50, oxytocin=0.40, testosterone=0.50, histamine=0.30, acetylcholine=0.60, glutamate=0.70, gaba=0.60
2025-09-08 07:54:57,344 | aci.level3.debug | DEBUG | NT_LEVELS: dopamine=0.00, serotonin=0.00, norepinephrine=0.00, oxytocin=1.94, testosterone=1.67, histamine=0.28, acetylcholine=0.54, glutamate=0.62, gaba=0.54
2025-09-08 07:54:57,777 | aci.level3.info | INFO | Layer 1 GC completed
2025-09-08 07:59:18,469 | aci.level3.debug | DEBUG | BUNDLE [step_complete]
2025-09-08 07:59:23,444 | aci.level3.debug | DEBUG | NT_LEVELS: dopamine=0.00, serotonin=0.00, norepinephrine=0.00, oxytocin=1.94, testosterone=1.67, histamine=0.28, acetylcholine=0.54, glutamate=0.62, gaba=0.54
2025-09-08 07:59:53,419 | aci.level3.debug | DEBUG | Replaced floating thought
2025-09-08 08:00:12,241 | aci.level3.debug | DEBUG | NT_LEVELS: dopamine=0.00, serotonin=0.00, norepinephrine=0.00, oxytocin=3.27, testosterone=2.58, histamine=0.25, acetylcholine=0.49, glutamate=0.54, gaba=0.49
2025-09-08 08:00:12,253 | aci.level3.debug | DEBUG | BUNDLE [step_complete]
2025-09-08 08:00:16,497 | aci.level3.debug | DEBUG | NT_LEVELS: dopamine=0.00, serotonin=0.00, norepinephrine=0.00, oxytocin=3.27, testosterone=2.58, histamine=0.25, acetylcholine=0.49, glutamate=0.54, gaba=0.49
2025-09-08 08:01:16,015 | aci.level3.debug | DEBUG | Updated floating memory node
2025-09-08 08:01:16,020 | aci.level3.debug | DEBUG | NT_LEVELS: dopamine=0.00, serotonin=0.00, norepinephrine=0.00, oxytocin=4.50, testosterone=3.28, histamine=0.23, acetylcholine=0.44, glutamate=0.48, gaba=0.44
2025-09-08 08:01:16,032 | aci.level3.debug | DEBUG | BUNDLE [step_complete]
2025-09-08 08:01:19,771 | aci.level3.debug | DEBUG | NT_LEVELS: dopamine=0.00, serotonin=0.00, norepinephrine=0.00, oxytocin=4.50, testosterone=3.28, histamine=0.23, acetylcholine=0.44, glutamate=0.48, gaba=0.44
2025-09-08 08:02:18,837 | aci.level3.debug | DEBUG | Updated floating memory node
2025-09-08 08:02:18,855 | aci.level3.debug | DEBUG | NT_LEVELS: dopamine=0.00, serotonin=0.00, norepinephrine=0.00, oxytocin=5.70, testosterone=3.82, histamine=0.22, acetylcholine=0.40, glutamate=0.42, gaba=0.40
2025-09-08 08:02:18,865 | aci.level3.info | INFO | Layer 1 GC completed
2025-09-08 08:02:18,902 | aci.level3.debug | DEBUG | BUNDLE [step_complete]
2025-09-08 08:02:23,967 | aci.level3.debug | DEBUG | NT_LEVELS: dopamine=0.00, serotonin=0.00, norepinephrine=0.00, oxytocin=5.70, testosterone=3.82, histamine=0.22, acetylcholine=0.40, glutamate=0.42, gaba=0.40
2025-09-08 08:03:13,647 | aci.level3.debug | DEBUG | Updated floating memory node
2025-09-08 08:03:13,651 | aci.level3.debug | DEBUG | NT_LEVELS: dopamine=0.00, serotonin=0.00, norepinephrine=0.00, oxytocin=6.89, testosterone=4.23, histamine=0.20, acetylcholine=0.36, glutamate=0.37, gaba=0.36
2025-09-08 08:03:13,663 | aci.level3.debug | DEBUG | BUNDLE [step_complete]
2025-09-08 08:03:17,469 | aci.level3.debug | DEBUG | NT_LEVELS: dopamine=0.00, serotonin=0.00, norepinephrine=0.00, oxytocin=6.89, testosterone=4.23, histamine=0.20, acetylcholine=0.36, glutamate=0.37, gaba=0.36
2025-09-08 08:04:07,614 | aci.level3.debug | DEBUG | Replaced floating thought
2025-09-08 08:04:19,022 | aci.level3.debug | DEBUG | NT_LEVELS: dopamine=0.00, serotonin=0.00, norepinephrine=0.00, oxytocin=8.06, testosterone=4.53, histamine=0.18, acetylcholine=0.32, glutamate=0.33, gaba=0.32
2025-09-08 08:04:19,030 | aci.level3.debug | DEBUG | BUNDLE [step_complete]
2025-09-08 08:04:19,569 | aci.level3.debug | DEBUG | NT_LEVELS: dopamine=0.00, serotonin=0.00, norepinephrine=0.00, oxytocin=8.06, testosterone=4.53, histamine=0.18, acetylcholine=0.32, glutamate=0.33, gaba=0.32
