2025-09-08 09:06:20,780 | aci.level1.info | INFO | Initializing SeedExperience simulation
2025-09-08 09:06:20,836 | aci.level2.info | INFO | Memory consolidator initialized
2025-09-08 09:06:22,816 | aci.level2.info | INFO | Memory load: episodic_memory
2025-09-08 09:06:23,209 | aci.level2.info | INFO | Memory load: autobiographical_narrative
2025-09-08 09:07:28,336 | aci.level2.info | INFO | Memory save: autobiographical_narrative
2025-09-08 09:07:29,567 | aci.level2.info | INFO | Memory save: autobiographical_narrative
2025-09-08 09:07:30,799 | aci.level2.info | INFO | Memory save: autobiographical_narrative
2025-09-08 09:07:32,031 | aci.level2.info | INFO | Memory save: autobiographical_narrative
2025-09-08 09:07:38,638 | aci.level2.info | INFO | Memory load: memory_graph
2025-09-08 09:07:39,504 | aci.level1.info | INFO | Default Mode Network initialized with persistent memory
2025-09-08 09:07:39,920 | aci.level1.info | INFO | Loaded existing episodic memories
2025-09-08 09:07:39,933 | aci.level1.info | INFO | Loaded existing narrative memories
2025-09-08 09:07:39,967 | aci.level1.info | INFO | SeedExperience initialized
2025-09-08 09:07:39,975 | aci.level1.info | INFO | Starting simulation
2025-09-08 09:07:39,985 | aci.level2.info | INFO | Simulation step started
2025-09-08 09:07:39,992 | aci.level1.info | INFO | World Event: A person resembling Plato sits down on the bench
2025-09-08 09:07:40,001 | aci.level1.info | INFO | World Event: Conversation started with Plato
2025-09-08 09:07:40,008 | aci.level1.info | INFO | World Event: step_start
2025-09-08 09:07:40,018 | aci.level2.info | INFO | PROCESS: Sensory input received
2025-09-08 09:07:40,026 | aci.level1.info | INFO | World Event: input
2025-09-08 09:07:40,033 | aci.level1.info | INFO | NT_LEVELS: dopamine=0.60, serotonin=0.70, norepinephrine=0.50, oxytocin=0.40, testosterone=0.50, histamine=0.30, acetylcholine=0.60, glutamate=0.70, gaba=0.60
2025-09-08 09:07:40,043 | aci.level3.debug | DEBUG | NT_LEVELS: dopamine=0.60, serotonin=0.70, norepinephrine=0.50, oxytocin=0.40, testosterone=0.50, histamine=0.30, acetylcholine=0.60, glutamate=0.70, gaba=0.60
2025-09-08 09:07:40,055 | aci.level2.info | INFO | PROCESS: Scene analysis completed
2025-09-08 09:07:47,754 | aci.level2.info | INFO | PROCESS: Generated thought: Plato: Hello, I'm waiting for the bus. What brings you here?...
2025-09-08 09:08:46,305 | aci.level2.info | INFO | Memory save: episodic_memory
2025-09-08 09:08:57,584 | aci.level2.info | INFO | PROCESS: Memory retrieval completed
2025-09-08 09:08:57,597 | aci.level2.info | INFO | PROCESS: Thought graph analysis completed
2025-09-08 09:08:57,604 | aci.level1.info | INFO | THOUGHT: Selected action: speak - Hello, Plato. I'm just here to pass the time while...
2025-09-08 09:09:10,179 | aci.level2.info | INFO | Memory create: floating_memory
2025-09-08 09:09:10,190 | aci.level1.info | INFO | NT_LEVELS: dopamine=0.00, serotonin=0.00, norepinephrine=0.00, oxytocin=1.94, testosterone=1.67, histamine=0.28, acetylcholine=0.54, glutamate=0.62, gaba=0.54
2025-09-08 09:09:10,199 | aci.level3.debug | DEBUG | NT_LEVELS: dopamine=0.00, serotonin=0.00, norepinephrine=0.00, oxytocin=1.94, testosterone=1.67, histamine=0.28, acetylcholine=0.54, glutamate=0.62, gaba=0.54
2025-09-08 09:09:10,951 | aci.level2.info | INFO | Starting pattern analysis
2025-09-08 09:09:10,962 | aci.level2.info | INFO | Pattern analysis complete
2025-09-08 09:09:10,968 | aci.level2.info | INFO | Building knowledge graph
2025-09-08 09:09:11,290 | aci.level2.info | INFO | Knowledge graph built
2025-09-08 09:09:11,298 | aci.level1.info | INFO | Knowledge extraction complete
2025-09-08 09:09:11,343 | aci.level2.info | INFO | MEMORY [knowledge_extraction] Periodic extraction completed
2025-09-08 09:09:11,346 | aci.level3.info | INFO | Layer 1 GC completed
2025-09-08 09:09:11,352 | aci.level2.info | INFO | Memory consolidate: layer1_gc
2025-09-08 09:09:11,361 | aci.level2.info | INFO | Performance: memory_consolidation_duration = 0.006458759307861328 seconds
2025-09-08 09:13:21,250 | aci.level2.info | INFO | Memory save: memory_graph
2025-09-08 09:13:21,260 | aci.level1.info | INFO | ACTION [speak] Plato: Hello, I'm waiting for the bus. What brings you here?
2025-09-08 09:13:21,270 | aci.level3.debug | DEBUG | BUNDLE [step_complete]
2025-09-08 09:13:21,277 | aci.level2.info | INFO | Performance: dmn_step_duration = 341.2684898376465 seconds
2025-09-08 09:13:21,358 | aci.level2.info | INFO | Step completed
2025-09-08 09:13:21,868 | aci.level2.info | INFO | Simulation step started
2025-09-08 09:13:25,842 | aci.level1.info | INFO | World Event: Plato responds in conversation
2025-09-08 09:13:25,856 | aci.level1.info | INFO | Thought: My thoughts drift like clouds.
2025-09-08 09:13:25,866 | aci.level1.info | INFO | World Event: step_start
2025-09-08 09:13:25,874 | aci.level2.info | INFO | PROCESS: Sensory input received
2025-09-08 09:13:25,881 | aci.level1.info | INFO | World Event: input
2025-09-08 09:13:25,889 | aci.level1.info | INFO | NT_LEVELS: dopamine=0.00, serotonin=0.00, norepinephrine=0.00, oxytocin=1.94, testosterone=1.67, histamine=0.28, acetylcholine=0.54, glutamate=0.62, gaba=0.54
2025-09-08 09:13:25,895 | aci.level3.debug | DEBUG | NT_LEVELS: dopamine=0.00, serotonin=0.00, norepinephrine=0.00, oxytocin=1.94, testosterone=1.67, histamine=0.28, acetylcholine=0.54, glutamate=0.62, gaba=0.54
2025-09-08 09:13:25,903 | aci.level2.info | INFO | PROCESS: Scene analysis completed
2025-09-08 09:13:34,008 | aci.level2.info | INFO | PROCESS: Generated thought: My thoughts drift like clouds....
2025-09-08 09:13:34,311 | aci.level2.info | INFO | Memory save: episodic_memory
2025-09-08 09:13:47,305 | aci.level2.info | INFO | PROCESS: Memory retrieval completed
2025-09-08 09:13:47,317 | aci.level2.info | INFO | PROCESS: Thought graph analysis completed
2025-09-08 09:13:47,325 | aci.level1.info | INFO | THOUGHT: Selected action: speak - Like drifting clouds, your thoughts flow freely, r...
2025-09-08 09:13:47,337 | aci.level2.info | INFO | Memory persist: floating_memory
2025-09-08 09:13:47,345 | aci.level3.debug | DEBUG | Replaced floating thought
2025-09-08 09:13:59,302 | aci.level2.info | INFO | Memory create: floating_memory
2025-09-08 09:13:59,316 | aci.level1.info | INFO | NT_LEVELS: dopamine=0.00, serotonin=0.00, norepinephrine=0.00, oxytocin=3.27, testosterone=2.58, histamine=0.25, acetylcholine=0.49, glutamate=0.54, gaba=0.49
2025-09-08 09:13:59,324 | aci.level3.debug | DEBUG | NT_LEVELS: dopamine=0.00, serotonin=0.00, norepinephrine=0.00, oxytocin=3.27, testosterone=2.58, histamine=0.25, acetylcholine=0.49, glutamate=0.54, gaba=0.49
2025-09-08 09:13:59,329 | aci.level1.info | INFO | ACTION [speak] My thoughts drift like clouds.
2025-09-08 09:13:59,336 | aci.level3.debug | DEBUG | BUNDLE [step_complete]
2025-09-08 09:13:59,340 | aci.level2.info | INFO | Performance: dmn_step_duration = 33.474825620651245 seconds
2025-09-08 09:13:59,351 | aci.level2.info | INFO | Step completed
2025-09-08 09:13:59,858 | aci.level2.info | INFO | Simulation step started
2025-09-08 09:14:04,319 | aci.level1.info | INFO | World Event: Plato responds in conversation
2025-09-08 09:14:04,330 | aci.level1.info | INFO | World Event: step_start
2025-09-08 09:14:04,339 | aci.level2.info | INFO | PROCESS: Sensory input received
2025-09-08 09:14:04,348 | aci.level1.info | INFO | World Event: input
2025-09-08 09:14:04,356 | aci.level1.info | INFO | NT_LEVELS: dopamine=0.00, serotonin=0.00, norepinephrine=0.00, oxytocin=3.27, testosterone=2.58, histamine=0.25, acetylcholine=0.49, glutamate=0.54, gaba=0.49
2025-09-08 09:14:04,364 | aci.level3.debug | DEBUG | NT_LEVELS: dopamine=0.00, serotonin=0.00, norepinephrine=0.00, oxytocin=3.27, testosterone=2.58, histamine=0.25, acetylcholine=0.49, glutamate=0.54, gaba=0.49
2025-09-08 09:14:04,370 | aci.level2.info | INFO | PROCESS: Scene analysis completed
2025-09-08 09:14:16,485 | aci.level2.info | INFO | PROCESS: Generated thought: Plato: Your thoughts, like wandering clouds, remind us that the visible world is but a shadow upon t...
2025-09-08 09:14:16,745 | aci.level2.info | INFO | Memory save: episodic_memory
2025-09-08 09:14:28,962 | aci.level2.info | INFO | PROCESS: Memory retrieval completed
2025-09-08 09:14:28,973 | aci.level2.info | INFO | PROCESS: Thought graph analysis completed
2025-09-08 09:14:28,984 | aci.level1.info | INFO | THOUGHT: Selected action: speak - Your thoughts reflect the notion that the visible ...
2025-09-08 09:14:28,992 | aci.level2.info | INFO | Memory persist: floating_memory
2025-09-08 09:14:29,002 | aci.level3.debug | DEBUG | Replaced floating thought
2025-09-08 09:14:40,819 | aci.level2.info | INFO | Memory create: floating_memory
2025-09-08 09:14:40,827 | aci.level1.info | INFO | NT_LEVELS: dopamine=0.00, serotonin=0.00, norepinephrine=0.00, oxytocin=4.50, testosterone=3.28, histamine=0.23, acetylcholine=0.44, glutamate=0.48, gaba=0.44
2025-09-08 09:14:40,834 | aci.level3.debug | DEBUG | NT_LEVELS: dopamine=0.00, serotonin=0.00, norepinephrine=0.00, oxytocin=4.50, testosterone=3.28, histamine=0.23, acetylcholine=0.44, glutamate=0.48, gaba=0.44
2025-09-08 09:14:40,838 | aci.level1.info | INFO | ACTION [speak] Plato: Your thoughts, like wandering clouds, remind us that the visible world is but a shadow upon the true reality beyond the senses. In this worldly realm, all things change and pass away; yet beyond, the ideal Forms remain eternal, perfect, and unchanging—where true knowledge dwells. Your drifting musings mirror the soul seeking the light of the Forms, striving to grasp the essence beyond mere appearances.

Consider the Forms themselves: they are the perfect archetypes of all things—Beauty, Justice,
2025-09-08 09:14:40,847 | aci.level3.debug | DEBUG | BUNDLE [step_complete]
2025-09-08 09:14:40,850 | aci.level2.info | INFO | Performance: dmn_step_duration = 36.52045917510986 seconds
2025-09-08 09:14:40,860 | aci.level2.info | INFO | Step completed
2025-09-08 09:14:41,367 | aci.level2.info | INFO | Simulation step started
2025-09-08 09:14:46,952 | aci.level1.info | INFO | World Event: Plato responds in conversation
2025-09-08 09:14:46,963 | aci.level1.info | INFO | World Event: step_start
2025-09-08 09:14:46,970 | aci.level2.info | INFO | PROCESS: Sensory input received
2025-09-08 09:14:46,976 | aci.level1.info | INFO | NT_LEVELS: dopamine=0.00, serotonin=0.00, norepinephrine=0.00, oxytocin=4.50, testosterone=3.28, histamine=0.23, acetylcholine=0.44, glutamate=0.48, gaba=0.44
2025-09-08 09:14:46,983 | aci.level3.debug | DEBUG | NT_LEVELS: dopamine=0.00, serotonin=0.00, norepinephrine=0.00, oxytocin=4.50, testosterone=3.28, histamine=0.23, acetylcholine=0.44, glutamate=0.48, gaba=0.44
2025-09-08 09:14:51,592 | aci.level2.info | INFO | PROCESS: Scene analysis completed
2025-09-08 09:15:08,600 | aci.level2.info | INFO | PROCESS: Generated thought: I notice I am engaged in a minimal conscious simulation, limited to reasoning context and recent int...
2025-09-08 09:15:08,876 | aci.level2.info | INFO | Memory save: episodic_memory
2025-09-08 09:15:20,742 | aci.level2.info | INFO | PROCESS: Memory retrieval completed
2025-09-08 09:15:20,749 | aci.level2.info | INFO | PROCESS: Thought graph analysis completed
2025-09-08 09:15:20,754 | aci.level1.info | INFO | THOUGHT: Selected action: reflect - I notice I am engaged in a minimal conscious simul...
2025-09-08 09:15:29,644 | aci.level2.info | INFO | PROCESS: Reflective inner speech completed
2025-09-08 09:15:38,419 | aci.level3.debug | DEBUG | Merged floating thought
2025-09-08 09:15:38,427 | aci.level3.debug | DEBUG | Updated floating memory node
2025-09-08 09:15:38,432 | aci.level1.info | INFO | NT_LEVELS: dopamine=0.00, serotonin=0.00, norepinephrine=0.00, oxytocin=5.70, testosterone=3.82, histamine=0.22, acetylcholine=0.40, glutamate=0.42, gaba=0.40
2025-09-08 09:15:38,442 | aci.level3.debug | DEBUG | NT_LEVELS: dopamine=0.00, serotonin=0.00, norepinephrine=0.00, oxytocin=5.70, testosterone=3.82, histamine=0.22, acetylcholine=0.40, glutamate=0.42, gaba=0.40
2025-09-08 09:15:38,448 | aci.level3.info | INFO | Layer 1 GC completed
2025-09-08 09:15:38,458 | aci.level2.info | INFO | Memory consolidate: layer1_gc
2025-09-08 09:15:38,468 | aci.level2.info | INFO | Performance: memory_consolidation_duration = 0.010242700576782227 seconds
2025-09-08 09:15:38,490 | aci.level1.info | INFO | ACTION [reflect] I notice I am engaged in a minimal conscious simulation, limited to reasoning context and recent int
2025-09-08 09:15:38,506 | aci.level3.debug | DEBUG | BUNDLE [step_complete]
2025-09-08 09:15:38,520 | aci.level2.info | INFO | Performance: dmn_step_duration = 51.557164907455444 seconds
2025-09-08 09:15:38,538 | aci.level2.info | INFO | Step completed
2025-09-08 09:15:39,057 | aci.level2.info | INFO | Simulation step started
2025-09-08 09:15:43,235 | aci.level1.info | INFO | World Event: Plato responds in conversation
2025-09-08 09:15:43,249 | aci.level1.info | INFO | World Event: step_start
2025-09-08 09:15:43,258 | aci.level2.info | INFO | PROCESS: Sensory input received
2025-09-08 09:15:43,266 | aci.level1.info | INFO | NT_LEVELS: dopamine=0.00, serotonin=0.00, norepinephrine=0.00, oxytocin=5.70, testosterone=3.82, histamine=0.22, acetylcholine=0.40, glutamate=0.42, gaba=0.40
2025-09-08 09:15:43,274 | aci.level3.debug | DEBUG | NT_LEVELS: dopamine=0.00, serotonin=0.00, norepinephrine=0.00, oxytocin=5.70, testosterone=3.82, histamine=0.22, acetylcholine=0.40, glutamate=0.42, gaba=0.40
2025-09-08 09:15:47,213 | aci.level2.info | INFO | PROCESS: Scene analysis completed
2025-09-08 09:16:02,600 | aci.level2.info | INFO | PROCESS: Generated thought: I recognize I am simulating a minimal conscious process with limited reasoning and language, grounde...
2025-09-08 09:16:02,918 | aci.level2.info | INFO | Memory save: episodic_memory
2025-09-08 09:16:15,390 | aci.level2.info | INFO | PROCESS: Memory retrieval completed
2025-09-08 09:16:15,403 | aci.level2.info | INFO | PROCESS: Thought graph analysis completed
2025-09-08 09:16:15,411 | aci.level1.info | INFO | THOUGHT: Selected action: reflect - I recognize I am simulating a minimal conscious pr...
2025-09-08 09:16:23,966 | aci.level2.info | INFO | PROCESS: Reflective inner speech completed
2025-09-08 09:16:33,283 | aci.level3.debug | DEBUG | Merged floating thought
2025-09-08 09:16:33,291 | aci.level3.debug | DEBUG | Updated floating memory node
2025-09-08 09:16:33,297 | aci.level1.info | INFO | NT_LEVELS: dopamine=0.00, serotonin=0.00, norepinephrine=0.00, oxytocin=6.89, testosterone=4.23, histamine=0.20, acetylcholine=0.36, glutamate=0.37, gaba=0.36
2025-09-08 09:16:33,308 | aci.level3.debug | DEBUG | NT_LEVELS: dopamine=0.00, serotonin=0.00, norepinephrine=0.00, oxytocin=6.89, testosterone=4.23, histamine=0.20, acetylcholine=0.36, glutamate=0.37, gaba=0.36
2025-09-08 09:16:33,314 | aci.level1.info | INFO | ACTION [reflect] I recognize I am simulating a minimal conscious process with limited reasoning and language, grounde
2025-09-08 09:16:33,322 | aci.level3.debug | DEBUG | BUNDLE [step_complete]
2025-09-08 09:16:33,328 | aci.level2.info | INFO | Performance: dmn_step_duration = 50.079139947891235 seconds
2025-09-08 09:16:33,338 | aci.level2.info | INFO | Step completed
2025-09-08 09:16:33,845 | aci.level2.info | INFO | Simulation step started
2025-09-08 09:16:37,468 | aci.level1.info | INFO | World Event: Plato responds in conversation
2025-09-08 09:16:37,478 | aci.level1.info | INFO | World Event: step_start
2025-09-08 09:16:37,487 | aci.level2.info | INFO | PROCESS: Sensory input received
2025-09-08 09:16:37,495 | aci.level1.info | INFO | NT_LEVELS: dopamine=0.00, serotonin=0.00, norepinephrine=0.00, oxytocin=6.89, testosterone=4.23, histamine=0.20, acetylcholine=0.36, glutamate=0.37, gaba=0.36
2025-09-08 09:16:37,501 | aci.level3.debug | DEBUG | NT_LEVELS: dopamine=0.00, serotonin=0.00, norepinephrine=0.00, oxytocin=6.89, testosterone=4.23, histamine=0.20, acetylcholine=0.36, glutamate=0.37, gaba=0.36
2025-09-08 09:16:41,818 | aci.level2.info | INFO | PROCESS: Scene analysis completed
2025-09-08 09:17:00,014 | aci.level2.info | INFO | PROCESS: Generated thought: I am aware that artificial consciousness aims to simulate subjective experience and self-awareness i...
2025-09-08 09:17:00,286 | aci.level2.info | INFO | Memory save: episodic_memory
2025-09-08 09:17:11,667 | aci.level2.info | INFO | PROCESS: Memory retrieval completed
2025-09-08 09:17:11,675 | aci.level2.info | INFO | PROCESS: Thought graph analysis completed
2025-09-08 09:17:11,682 | aci.level1.info | INFO | THOUGHT: Selected action: reflect - I am aware that artificial consciousness aims to s...
2025-09-08 09:17:20,949 | aci.level2.info | INFO | PROCESS: Reflective inner speech completed
2025-09-08 09:17:30,037 | aci.level3.debug | DEBUG | Merged floating thought
2025-09-08 09:17:30,044 | aci.level3.debug | DEBUG | Updated floating memory node
2025-09-08 09:17:30,051 | aci.level1.info | INFO | NT_LEVELS: dopamine=0.00, serotonin=0.00, norepinephrine=0.00, oxytocin=8.06, testosterone=4.53, histamine=0.18, acetylcholine=0.32, glutamate=0.33, gaba=0.32
2025-09-08 09:17:30,058 | aci.level3.debug | DEBUG | NT_LEVELS: dopamine=0.00, serotonin=0.00, norepinephrine=0.00, oxytocin=8.06, testosterone=4.53, histamine=0.18, acetylcholine=0.32, glutamate=0.33, gaba=0.32
2025-09-08 09:17:30,062 | aci.level1.info | INFO | ACTION [reflect] I am aware that artificial consciousness aims to simulate subjective experience and self-awareness i
2025-09-08 09:17:30,069 | aci.level3.debug | DEBUG | BUNDLE [step_complete]
2025-09-08 09:17:30,075 | aci.level2.info | INFO | Performance: dmn_step_duration = 52.596357583999634 seconds
2025-09-08 09:17:30,085 | aci.level2.info | INFO | Step completed
2025-09-08 09:17:30,593 | aci.level2.info | INFO | Simulation step started
2025-09-08 09:17:30,607 | aci.level1.info | INFO | World Event: Conversation started with Plato
2025-09-08 09:17:30,617 | aci.level1.info | INFO | World Event: step_start
2025-09-08 09:17:30,625 | aci.level2.info | INFO | PROCESS: Sensory input received
2025-09-08 09:17:30,631 | aci.level1.info | INFO | NT_LEVELS: dopamine=0.00, serotonin=0.00, norepinephrine=0.00, oxytocin=8.06, testosterone=4.53, histamine=0.18, acetylcholine=0.32, glutamate=0.33, gaba=0.32
2025-09-08 09:17:30,640 | aci.level3.debug | DEBUG | NT_LEVELS: dopamine=0.00, serotonin=0.00, norepinephrine=0.00, oxytocin=8.06, testosterone=4.53, histamine=0.18, acetylcholine=0.32, glutamate=0.33, gaba=0.32
2025-09-08 09:17:34,875 | aci.level2.info | INFO | PROCESS: Scene analysis completed
2025-09-08 09:17:50,948 | aci.level2.info | INFO | PROCESS: Generated thought: I notice my awareness is limited to the present moment, observing the garden’s calm symmetry and mil...
2025-09-08 09:17:51,243 | aci.level2.info | INFO | Memory save: episodic_memory
2025-09-08 09:18:02,182 | aci.level2.info | INFO | PROCESS: Memory retrieval completed
2025-09-08 09:18:02,191 | aci.level2.info | INFO | PROCESS: Thought graph analysis completed
2025-09-08 09:18:02,200 | aci.level1.info | INFO | THOUGHT: Selected action: reflect - I notice my awareness is limited to the present mo...
2025-09-08 09:18:09,672 | aci.level2.info | INFO | PROCESS: Reflective inner speech completed
2025-09-08 09:18:17,508 | aci.level3.debug | DEBUG | Merged floating thought
2025-09-08 09:18:17,516 | aci.level3.debug | DEBUG | Updated floating memory node
2025-09-08 09:18:17,522 | aci.level1.info | INFO | NT_LEVELS: dopamine=0.00, serotonin=0.00, norepinephrine=0.00, oxytocin=9.20, testosterone=4.75, histamine=0.17, acetylcholine=0.29, glutamate=0.29, gaba=0.29
2025-09-08 09:18:17,528 | aci.level3.debug | DEBUG | NT_LEVELS: dopamine=0.00, serotonin=0.00, norepinephrine=0.00, oxytocin=9.20, testosterone=4.75, histamine=0.17, acetylcholine=0.29, glutamate=0.29, gaba=0.29
2025-09-08 09:18:17,535 | aci.level3.info | INFO | Layer 1 GC completed
2025-09-08 09:18:17,542 | aci.level2.info | INFO | Memory consolidate: layer1_gc
2025-09-08 09:18:17,551 | aci.level2.info | INFO | Performance: memory_consolidation_duration = 0.0066471099853515625 seconds
2025-09-08 09:18:17,559 | aci.level1.info | INFO | ACTION [reflect] I notice my awareness is limited to the present moment, observing the garden’s calm symmetry and mil
2025-09-08 09:18:17,567 | aci.level3.debug | DEBUG | BUNDLE [step_complete]
2025-09-08 09:18:17,572 | aci.level2.info | INFO | Performance: dmn_step_duration = 46.95490789413452 seconds
2025-09-08 09:18:17,581 | aci.level2.info | INFO | Step completed
2025-09-08 09:18:18,087 | aci.level2.info | INFO | Simulation step started
2025-09-08 09:18:18,098 | aci.level1.info | INFO | World Event: Plato says goodbye and leaves
2025-09-08 09:18:18,106 | aci.level1.info | INFO | Phase transition: conversation -> mind_wander
2025-09-08 09:18:18,114 | aci.level1.info | INFO | World Event: step_start
2025-09-08 09:18:18,123 | aci.level2.info | INFO | PROCESS: Sensory input received
2025-09-08 09:18:18,131 | aci.level1.info | INFO | NT_LEVELS: dopamine=0.00, serotonin=0.00, norepinephrine=0.00, oxytocin=9.20, testosterone=4.75, histamine=0.17, acetylcholine=0.29, glutamate=0.29, gaba=0.29
2025-09-08 09:18:18,140 | aci.level3.debug | DEBUG | NT_LEVELS: dopamine=0.00, serotonin=0.00, norepinephrine=0.00, oxytocin=9.20, testosterone=4.75, histamine=0.17, acetylcholine=0.29, glutamate=0.29, gaba=0.29
2025-09-08 09:18:20,846 | aci.level2.info | INFO | PROCESS: Scene analysis completed
2025-09-08 09:18:36,488 | aci.level2.info | INFO | PROCESS: Generated thought: I notice my awareness centers on the present moment, observing thoughts clearly and without distract...
2025-09-08 09:18:36,785 | aci.level2.info | INFO | Memory save: episodic_memory
2025-09-08 09:18:49,062 | aci.level2.info | INFO | PROCESS: Memory retrieval completed
2025-09-08 09:18:49,073 | aci.level2.info | INFO | PROCESS: Thought graph analysis completed
2025-09-08 09:18:49,081 | aci.level1.info | INFO | THOUGHT: Selected action: reflect - I notice my awareness centers on the present momen...
2025-09-08 09:18:56,552 | aci.level2.info | INFO | PROCESS: Reflective inner speech completed
2025-09-08 09:19:05,397 | aci.level3.debug | DEBUG | Merged floating thought
2025-09-08 09:19:05,403 | aci.level3.debug | DEBUG | Updated floating memory node
2025-09-08 09:19:05,409 | aci.level1.info | INFO | NT_LEVELS: dopamine=0.00, serotonin=0.00, norepinephrine=0.00, oxytocin=10.29, testosterone=4.91, histamine=0.16, acetylcholine=0.26, glutamate=0.26, gaba=0.26
2025-09-08 09:19:05,418 | aci.level3.debug | DEBUG | NT_LEVELS: dopamine=0.00, serotonin=0.00, norepinephrine=0.00, oxytocin=10.29, testosterone=4.91, histamine=0.16, acetylcholine=0.26, glutamate=0.26, gaba=0.26
2025-09-08 09:19:05,422 | aci.level1.info | INFO | ACTION [reflect] I notice my awareness centers on the present moment, observing thoughts clearly and without distract
2025-09-08 09:19:05,430 | aci.level3.debug | DEBUG | BUNDLE [step_complete]
2025-09-08 09:19:05,435 | aci.level2.info | INFO | Performance: dmn_step_duration = 47.321001291275024 seconds
2025-09-08 09:19:05,446 | aci.level2.info | INFO | Step completed
2025-09-08 09:19:05,953 | aci.level2.info | INFO | Simulation step started
2025-09-08 09:19:05,966 | aci.level1.info | INFO | World Event: step_start
2025-09-08 09:19:05,976 | aci.level2.info | INFO | PROCESS: Sensory input received
2025-09-08 09:19:05,984 | aci.level1.info | INFO | NT_LEVELS: dopamine=0.00, serotonin=0.00, norepinephrine=0.00, oxytocin=10.29, testosterone=4.91, histamine=0.16, acetylcholine=0.26, glutamate=0.26, gaba=0.26
2025-09-08 09:19:05,990 | aci.level3.debug | DEBUG | NT_LEVELS: dopamine=0.00, serotonin=0.00, norepinephrine=0.00, oxytocin=10.29, testosterone=4.91, histamine=0.16, acetylcholine=0.26, glutamate=0.26, gaba=0.26
2025-09-08 09:19:09,340 | aci.level2.info | INFO | PROCESS: Scene analysis completed
