2025-09-08 06:27:48,017 | aci.level1.info | INFO | Initializing SeedExperience simulation
2025-09-08 06:28:45,118 | aci.level1.info | INFO | Default Mode Network initialized with persistent memory
2025-09-08 06:28:45,976 | aci.level1.info | INFO | Loaded existing episodic memories
2025-09-08 06:28:45,986 | aci.level1.info | INFO | Loaded existing narrative memories
2025-09-08 06:28:46,030 | aci.level1.info | INFO | SeedExperience initialized
2025-09-08 06:28:46,035 | aci.level1.info | INFO | Starting simulation
2025-09-08 06:28:46,057 | aci.level1.info | INFO | World Event: A person resembling Plato sits down on the bench
2025-09-08 06:28:46,063 | aci.level1.info | INFO | World Event: Conversation started with Plato
2025-09-08 06:29:06,207 | aci.level1.info | INFO | Thought: I sense the present moment clearly, focused only on what is given, without adding or assuming beyond...
2025-09-08 06:29:43,707 | aci.level1.info | INFO | Action: reflect - I sense the present moment clearly, focused only on what is given, without adding or assuming beyond...
2025-09-08 06:30:09,040 | aci.level1.error | ERROR | Failed to extract and store knowledge: 'str' object has no attribute 'value'
2025-09-08 06:32:23,800 | aci.level1.info | INFO | Generated response
2025-09-08 06:32:27,594 | aci.level1.info | INFO | World Event: Plato responds in conversation
2025-09-08 06:32:45,171 | aci.level1.info | INFO | Thought: I notice the quiet clarity of this moment, simply observing without judgment, fully present in the c...
2025-09-08 06:32:51,968 | aci.level1.info | INFO | Action: reflect - I notice the quiet clarity of this moment, simply observing without judgment, fully present in the c...
2025-09-08 06:33:06,944 | aci.level1.info | INFO | Generated response
2025-09-08 06:33:10,093 | aci.level1.info | INFO | World Event: Plato responds in conversation
2025-09-08 06:33:31,530 | aci.level1.info | INFO | Thought: I am aware that artificial consciousness involves simulating subjective experience and self-awarenes...
2025-09-08 06:33:39,370 | aci.level1.info | INFO | Action: reflect - I am aware that artificial consciousness involves simulating subjective experience and self-awarenes...
2025-09-08 06:33:56,320 | aci.level1.info | INFO | Generated response
2025-09-08 06:33:59,522 | aci.level1.info | INFO | World Event: Plato responds in conversation
2025-09-08 06:33:59,529 | aci.level1.info | INFO | Thought: Time seems to pass slowly when waiting.
2025-09-08 06:33:59,542 | aci.level1.info | INFO | Processing input
2025-09-08 06:34:11,891 | aci.level1.info | INFO | Thought: Time seems to pass slowly when waiting.
2025-09-08 06:34:18,706 | aci.level1.info | INFO | Action: speak - Waiting often makes time feel like it is passing more slowly because negative emotions such as frust...
2025-09-08 06:34:25,092 | aci.level1.info | INFO | Generated response
2025-09-08 06:34:30,117 | aci.level1.info | INFO | World Event: Plato responds in conversation
2025-09-08 06:34:49,616 | aci.level1.info | INFO | Thought: I notice a quiet clarity in this moment, simply observing thoughts arise and fade without interferen...
2025-09-08 06:34:56,596 | aci.level1.info | INFO | Action: reflect - I notice a quiet clarity in this moment, simply observing thoughts arise and fade without interferen...
2025-09-08 06:35:11,426 | aci.level1.info | INFO | Generated response
2025-09-08 06:35:16,469 | aci.level1.info | INFO | World Event: Plato responds in conversation
2025-09-08 06:35:35,998 | aci.level1.info | INFO | Thought: I am aware only of my current reasoning context and recent conversation, focusing on present clarity...
2025-09-08 06:35:43,108 | aci.level1.info | INFO | Action: reflect - I am aware only of my current reasoning context and recent conversation, focusing on present clarity...
